{"/Users/mattc/WebstormProjects/net-glimpse/index.js": {"path":"/Users/mattc/WebstormProjects/net-glimpse/index.js","statementMap":{"0":{"start":{"line":1,"column":14},"end":{"line":1,"column":30}},"1":{"start":{"line":2,"column":17},"end":{"line":2,"column":36}},"2":{"start":{"line":4,"column":0},"end":{"line":4,"column":24}},"3":{"start":{"line":6,"column":13},"end":{"line":6,"column":18}},"4":{"start":{"line":7,"column":12},"end":{"line":7,"column":16}},"5":{"start":{"line":9,"column":0},"end":{"line":22,"column":5}},"6":{"start":{"line":10,"column":4},"end":{"line":21,"column":5}},"7":{"start":{"line":11,"column":20},"end":{"line":11,"column":55}},"8":{"start":{"line":12,"column":8},"end":{"line":15,"column":9}},"9":{"start":{"line":13,"column":12},"end":{"line":13,"column":85}},"10":{"start":{"line":14,"column":12},"end":{"line":14,"column":28}},"11":{"start":{"line":17,"column":8},"end":{"line":17,"column":38}},"12":{"start":{"line":19,"column":8},"end":{"line":19,"column":64}},"13":{"start":{"line":24,"column":0},"end":{"line":41,"column":3}},"14":{"start":{"line":25,"column":4},"end":{"line":36,"column":5}},"15":{"start":{"line":26,"column":8},"end":{"line":35,"column":9}},"16":{"start":{"line":27,"column":12},"end":{"line":27,"column":29}},"17":{"start":{"line":28,"column":12},"end":{"line":30,"column":13}},"18":{"start":{"line":29,"column":16},"end":{"line":29,"column":32}},"19":{"start":{"line":31,"column":15},"end":{"line":35,"column":9}},"20":{"start":{"line":32,"column":12},"end":{"line":32,"column":23}},"21":{"start":{"line":33,"column":15},"end":{"line":35,"column":9}},"22":{"start":{"line":34,"column":12},"end":{"line":34,"column":23}},"23":{"start":{"line":38,"column":4},"end":{"line":40,"column":5}},"24":{"start":{"line":39,"column":8},"end":{"line":39,"column":23}},"25":{"start":{"line":43,"column":0},"end":{"line":45,"column":1}},"26":{"start":{"line":44,"column":4},"end":{"line":44,"column":35}},"27":{"start":{"line":47,"column":0},"end":{"line":47,"column":23}},"28":{"start":{"line":49,"column":18},"end":{"line":49,"column":19}},"29":{"start":{"line":50,"column":16},"end":{"line":50,"column":18}},"30":{"start":{"line":53,"column":4},"end":{"line":53,"column":33}},"31":{"start":{"line":54,"column":4},"end":{"line":54,"column":20}},"32":{"start":{"line":58,"column":4},"end":{"line":60,"column":5}},"33":{"start":{"line":59,"column":8},"end":{"line":59,"column":15}},"34":{"start":{"line":61,"column":4},"end":{"line":69,"column":14}},"35":{"start":{"line":62,"column":8},"end":{"line":68,"column":9}},"36":{"start":{"line":63,"column":12},"end":{"line":63,"column":73}},"37":{"start":{"line":64,"column":12},"end":{"line":64,"column":26}},"38":{"start":{"line":65,"column":12},"end":{"line":65,"column":28}},"39":{"start":{"line":67,"column":12},"end":{"line":67,"column":57}},"40":{"start":{"line":73,"column":4},"end":{"line":75,"column":5}},"41":{"start":{"line":74,"column":8},"end":{"line":74,"column":15}},"42":{"start":{"line":77,"column":4},"end":{"line":92,"column":5}},"43":{"start":{"line":79,"column":8},"end":{"line":79,"column":68}},"44":{"start":{"line":79,"column":25},"end":{"line":79,"column":59}},"45":{"start":{"line":82,"column":8},"end":{"line":91,"column":18}},"46":{"start":{"line":83,"column":12},"end":{"line":90,"column":13}},"47":{"start":{"line":84,"column":27},"end":{"line":84,"column":86}},"48":{"start":{"line":85,"column":30},"end":{"line":85,"column":92}},"49":{"start":{"line":85,"column":47},"end":{"line":85,"column":81}},"50":{"start":{"line":86,"column":16},"end":{"line":86,"column":83}},"51":{"start":{"line":87,"column":16},"end":{"line":87,"column":56}},"52":{"start":{"line":89,"column":16},"end":{"line":89,"column":59}},"53":{"start":{"line":97,"column":4},"end":{"line":97,"column":52}},"54":{"start":{"line":98,"column":4},"end":{"line":111,"column":5}},"55":{"start":{"line":99,"column":25},"end":{"line":99,"column":76}},"56":{"start":{"line":100,"column":21},"end":{"line":100,"column":34}},"57":{"start":{"line":101,"column":28},"end":{"line":101,"column":60}},"58":{"start":{"line":103,"column":8},"end":{"line":108,"column":9}},"59":{"start":{"line":104,"column":25},"end":{"line":104,"column":40}},"60":{"start":{"line":105,"column":12},"end":{"line":105,"column":36}},"61":{"start":{"line":107,"column":12},"end":{"line":107,"column":39}},"62":{"start":{"line":110,"column":8},"end":{"line":110,"column":72}},"63":{"start":{"line":114,"column":0},"end":{"line":118,"column":2}}},"fnMap":{"0":{"name":"(anonymous_0)","decl":{"start":{"line":9,"column":1},"end":{"line":9,"column":2}},"loc":{"start":{"line":9,"column":13},"end":{"line":22,"column":1}},"line":9},"1":{"name":"(anonymous_1)","decl":{"start":{"line":24,"column":29},"end":{"line":24,"column":30}},"loc":{"start":{"line":24,"column":42},"end":{"line":41,"column":1}},"line":24},"2":{"name":"printTextResource","decl":{"start":{"line":52,"column":9},"end":{"line":52,"column":26}},"loc":{"start":{"line":52,"column":33},"end":{"line":55,"column":1}},"line":52},"3":{"name":"printNextLine","decl":{"start":{"line":57,"column":9},"end":{"line":57,"column":22}},"loc":{"start":{"line":57,"column":25},"end":{"line":70,"column":1}},"line":57},"4":{"name":"(anonymous_4)","decl":{"start":{"line":61,"column":15},"end":{"line":61,"column":16}},"loc":{"start":{"line":61,"column":21},"end":{"line":69,"column":5}},"line":61},"5":{"name":"printNonTextResource","decl":{"start":{"line":72,"column":9},"end":{"line":72,"column":29}},"loc":{"start":{"line":72,"column":48},"end":{"line":93,"column":1}},"line":72},"6":{"name":"(anonymous_6)","decl":{"start":{"line":79,"column":19},"end":{"line":79,"column":20}},"loc":{"start":{"line":79,"column":25},"end":{"line":79,"column":59}},"line":79},"7":{"name":"(anonymous_7)","decl":{"start":{"line":82,"column":19},"end":{"line":82,"column":20}},"loc":{"start":{"line":82,"column":25},"end":{"line":91,"column":9}},"line":82},"8":{"name":"(anonymous_8)","decl":{"start":{"line":85,"column":39},"end":{"line":85,"column":40}},"loc":{"start":{"line":85,"column":47},"end":{"line":85,"column":81}},"line":85},"9":{"name":"fetchAndProcessUrl","decl":{"start":{"line":96,"column":15},"end":{"line":96,"column":33}},"loc":{"start":{"line":96,"column":39},"end":{"line":112,"column":1}},"line":96}},"branchMap":{"0":{"loc":{"start":{"line":11,"column":20},"end":{"line":11,"column":55}},"type":"binary-expr","locations":[{"start":{"line":11,"column":20},"end":{"line":11,"column":35}},{"start":{"line":11,"column":40},"end":{"line":11,"column":55}}],"line":11},"1":{"loc":{"start":{"line":12,"column":8},"end":{"line":15,"column":9}},"type":"if","locations":[{"start":{"line":12,"column":8},"end":{"line":15,"column":9}},{"start":{},"end":{}}],"line":12},"2":{"loc":{"start":{"line":25,"column":4},"end":{"line":36,"column":5}},"type":"if","locations":[{"start":{"line":25,"column":4},"end":{"line":36,"column":5}},{"start":{},"end":{}}],"line":25},"3":{"loc":{"start":{"line":26,"column":8},"end":{"line":35,"column":9}},"type":"if","locations":[{"start":{"line":26,"column":8},"end":{"line":35,"column":9}},{"start":{"line":31,"column":15},"end":{"line":35,"column":9}}],"line":26},"4":{"loc":{"start":{"line":28,"column":12},"end":{"line":30,"column":13}},"type":"if","locations":[{"start":{"line":28,"column":12},"end":{"line":30,"column":13}},{"start":{},"end":{}}],"line":28},"5":{"loc":{"start":{"line":31,"column":15},"end":{"line":35,"column":9}},"type":"if","locations":[{"start":{"line":31,"column":15},"end":{"line":35,"column":9}},{"start":{"line":33,"column":15},"end":{"line":35,"column":9}}],"line":31},"6":{"loc":{"start":{"line":31,"column":19},"end":{"line":31,"column":56}},"type":"binary-expr","locations":[{"start":{"line":31,"column":19},"end":{"line":31,"column":22}},{"start":{"line":31,"column":26},"end":{"line":31,"column":42}},{"start":{"line":31,"column":46},"end":{"line":31,"column":56}}],"line":31},"7":{"loc":{"start":{"line":33,"column":15},"end":{"line":35,"column":9}},"type":"if","locations":[{"start":{"line":33,"column":15},"end":{"line":35,"column":9}},{"start":{},"end":{}}],"line":33},"8":{"loc":{"start":{"line":33,"column":19},"end":{"line":33,"column":58}},"type":"binary-expr","locations":[{"start":{"line":33,"column":19},"end":{"line":33,"column":22}},{"start":{"line":33,"column":26},"end":{"line":33,"column":42}},{"start":{"line":33,"column":46},"end":{"line":33,"column":58}}],"line":33},"9":{"loc":{"start":{"line":38,"column":4},"end":{"line":40,"column":5}},"type":"if","locations":[{"start":{"line":38,"column":4},"end":{"line":40,"column":5}},{"start":{},"end":{}}],"line":38},"10":{"loc":{"start":{"line":38,"column":8},"end":{"line":38,"column":43}},"type":"binary-expr","locations":[{"start":{"line":38,"column":8},"end":{"line":38,"column":11}},{"start":{"line":38,"column":15},"end":{"line":38,"column":23}},{"start":{"line":38,"column":27},"end":{"line":38,"column":43}}],"line":38},"11":{"loc":{"start":{"line":43,"column":0},"end":{"line":45,"column":1}},"type":"if","locations":[{"start":{"line":43,"column":0},"end":{"line":45,"column":1}},{"start":{},"end":{}}],"line":43},"12":{"loc":{"start":{"line":58,"column":4},"end":{"line":60,"column":5}},"type":"if","locations":[{"start":{"line":58,"column":4},"end":{"line":60,"column":5}},{"start":{},"end":{}}],"line":58},"13":{"loc":{"start":{"line":58,"column":8},"end":{"line":58,"column":49}},"type":"binary-expr","locations":[{"start":{"line":58,"column":8},"end":{"line":58,"column":14}},{"start":{"line":58,"column":18},"end":{"line":58,"column":49}}],"line":58},"14":{"loc":{"start":{"line":72,"column":36},"end":{"line":72,"column":46}},"type":"default-arg","locations":[{"start":{"line":72,"column":45},"end":{"line":72,"column":46}}],"line":72},"15":{"loc":{"start":{"line":73,"column":4},"end":{"line":75,"column":5}},"type":"if","locations":[{"start":{"line":73,"column":4},"end":{"line":75,"column":5}},{"start":{},"end":{}}],"line":73},"16":{"loc":{"start":{"line":77,"column":4},"end":{"line":92,"column":5}},"type":"if","locations":[{"start":{"line":77,"column":4},"end":{"line":92,"column":5}},{"start":{"line":80,"column":11},"end":{"line":92,"column":5}}],"line":77},"17":{"loc":{"start":{"line":103,"column":8},"end":{"line":108,"column":9}},"type":"if","locations":[{"start":{"line":103,"column":8},"end":{"line":108,"column":9}},{"start":{"line":106,"column":15},"end":{"line":108,"column":9}}],"line":103}},"s":{"0":1,"1":1,"2":1,"3":1,"4":1,"5":1,"6":1,"7":1,"8":1,"9":0,"10":0,"11":1,"12":0,"13":1,"14":0,"15":0,"16":0,"17":0,"18":0,"19":0,"20":0,"21":0,"22":0,"23":0,"24":0,"25":1,"26":1,"27":1,"28":1,"29":1,"30":1,"31":1,"32":2,"33":1,"34":1,"35":1,"36":1,"37":1,"38":1,"39":0,"40":0,"41":0,"42":0,"43":0,"44":0,"45":0,"46":0,"47":0,"48":0,"49":0,"50":0,"51":0,"52":0,"53":2,"54":2,"55":2,"56":2,"57":1,"58":1,"59":1,"60":1,"61":0,"62":1,"63":1},"f":{"0":1,"1":0,"2":1,"3":2,"4":1,"5":0,"6":0,"7":0,"8":0,"9":2},"b":{"0":[1,0],"1":[0,1],"2":[0,0],"3":[0,0],"4":[0,0],"5":[0,0],"6":[0,0,0],"7":[0,0],"8":[0,0,0],"9":[0,0],"10":[0,0,0],"11":[1,0],"12":[1,1],"13":[2,2],"14":[0],"15":[0,0],"16":[0,0],"17":[1,0]},"_coverageSchema":"1a1c01bbd47fc00a2c39e90264f33305004495a9","hash":"f160aa415c73892d06a8beaaee62f608e91c01b8"}
}
